<?xml version="1.0" encoding="UTF-8"?>
<!-- Generated by org.testng.reporters.JUnitXMLReporter -->
<testsuite ignored="1" hostname="LIN83004928" failures="0" tests="1" name="Default test" time="17.986" errors="0" timestamp="2022-09-12T18:26:51 IST">
  <testcase classname="ppack.SignUpTest" name="signUpWithoutSelectingSalutation" time="9.644"/>
  <testcase classname="ppack.SignUpTest" name="signUpWithValidCredential" time="0.0">
    <ignored/>
  </testcase> <!-- signUpWithValidCredential -->
</testsuite> <!-- Default test -->
